<?xml version="1.0" encoding="UTF-8"?>
<!-- Generated by org.testng.reporters.JUnitReportReporter -->
<testsuite hostname="AHS-LP-181" failures="0" tests="2" name="com.testcases.AccountCreationTest" time="-1651422208.000" errors="1" timestamp="2022-05-01T21:55:15 IST" skipped="1">
  <testcase classname="com.testcases.AccountCreationTest" name="browsersetup" time="-1651422208.000">
    <error message="
Method browsersetup requires 1 parameters but 3 were supplied in the BeforeMethod annotation." type="org.testng.TestNGException">
      <![CDATA[org.testng.TestNGException: 
Method browsersetup requires 1 parameters but 3 were supplied in the BeforeMethod annotation.
at org.testng.internal.Parameters.checkParameterTypes(Parameters.java:447)
at org.testng.internal.Parameters.createParametersForMethod(Parameters.java:353)
at org.testng.internal.Parameters.createParameters(Parameters.java:700)
at org.testng.internal.Parameters.createConfigurationParameters(Parameters.java:168)
at org.testng.internal.ConfigInvoker.invokeConfigurations(ConfigInvoker.java:302)
at org.testng.internal.TestInvoker.runConfigMethods(TestInvoker.java:700)
at org.testng.internal.TestInvoker.invokeMethod(TestInvoker.java:527)
at org.testng.internal.TestInvoker.invokeTestMethod(TestInvoker.java:173)
at org.testng.internal.MethodRunner.runInSequence(MethodRunner.java:46)
at org.testng.internal.TestInvoker$MethodInvocationAgent.invoke(TestInvoker.java:824)
at org.testng.internal.TestInvoker.invokeTestMethods(TestInvoker.java:146)
at org.testng.internal.TestMethodWorker.invokeTestMethods(TestMethodWorker.java:146)
at org.testng.internal.TestMethodWorker.run(TestMethodWorker.java:128)
at java.base/java.util.concurrent.ThreadPoolExecutor.runWorker(ThreadPoolExecutor.java:1136)
at java.base/java.util.concurrent.ThreadPoolExecutor$Worker.run(ThreadPoolExecutor.java:635)
at java.base/java.lang.Thread.run(Thread.java:833)
]]>
    </error>
  </testcase> <!-- browsersetup -->
  <system-out/>
  <testcase classname="com.testcases.AccountCreationTest" name="navigatetoCreateAccount" time="0.000">
    <skipped/>
  </testcase> <!-- navigatetoCreateAccount -->
  <system-out/>
</testsuite> <!-- com.testcases.AccountCreationTest -->
