<?xml version="1.0" encoding="UTF-8"?>
<testng-results ignored="12" total="21" passed="6" failed="3" skipped="0">
  <reporter-output>
  </reporter-output>
  <suite started-at="2022-05-02T14:33:55 IST" name="Suite" finished-at="2022-05-02T14:39:52 IST" duration-ms="357565">
    <groups>
      <group name="Sanity">
        <method signature="AddtoCarttest.verifyAddTocart()[pri:0, instance:com.testcases.AddtoCarttest@4082ba93]" name="verifyAddTocart" class="com.testcases.AddtoCarttest"/>
        <method signature="LoginPageTest.login(java.lang.String,java.lang.String)[pri:0, instance:com.testcases.LoginPageTest@792b749c]" name="login" class="com.testcases.LoginPageTest"/>
      </group> <!-- Sanity -->
      <group name="Regression">
        <method signature="AddtoCarttest.verifyAddTocart()[pri:0, instance:com.testcases.AddtoCarttest@4082ba93]" name="verifyAddTocart" class="com.testcases.AddtoCarttest"/>
        <method signature="EndtoEndTest.endToendTest()[pri:0, instance:com.testcases.EndtoEndTest@2b30a42c]" name="endToendTest" class="com.testcases.EndtoEndTest"/>
        <method signature="OrderPageTest.verifyOrderPage()[pri:0, instance:com.testcases.OrderPageTest@6d60fe40]" name="verifyOrderPage" class="com.testcases.OrderPageTest"/>
      </group> <!-- Regression -->
      <group name="Smoke">
        <method signature="HomePageTest.verifyOrderHistory()[pri:0, instance:com.testcases.HomePageTest@59402b8f]" name="verifyOrderHistory" class="com.testcases.HomePageTest"/>
        <method signature="HomePageTest.verifyWhishList()[pri:0, instance:com.testcases.HomePageTest@59402b8f]" name="verifyWhishList" class="com.testcases.HomePageTest"/>
        <method signature="Indexpagetest.verifyTitle()[pri:0, instance:com.testcases.Indexpagetest@609e8838]" name="verifyTitle" class="com.testcases.Indexpagetest"/>
        <method signature="Indexpagetest.verifylogo()[pri:0, instance:com.testcases.Indexpagetest@609e8838]" name="verifylogo" class="com.testcases.Indexpagetest"/>
        <method signature="LoginPageTest.login(java.lang.String,java.lang.String)[pri:0, instance:com.testcases.LoginPageTest@792b749c]" name="login" class="com.testcases.LoginPageTest"/>
        <method signature="SearchResultsTest.verifySearchProduct()[pri:0, instance:com.testcases.SearchResultsTest@17fc391b]" name="verifySearchProduct" class="com.testcases.SearchResultsTest"/>
      </group> <!-- Smoke -->
    </groups>
    <test started-at="2022-05-02T14:33:55 IST" name="Test" finished-at="2022-05-02T14:39:52 IST" duration-ms="357565">
      <class name="com.testcases.AddtoCarttest">
        <test-method is-config="true" signature="browsersetup(java.lang.String,org.testng.ITestResult,org.testng.ITestContext)[pri:0, instance:com.testcases.AddtoCarttest@4082ba93]" started-at="2022-05-02T14:35:20 IST" name="browsersetup" finished-at="2022-05-02T14:35:46 IST" duration-ms="26705" status="PASS">
          <params>
            <param index="0">
              <value>
                <![CDATA[Chrome]]>
              </value>
            </param>
            <param index="1">
              <value>
                <![CDATA[[TestResult name={null} status=CREATED method=AddtoCarttest.verifyAddTocart()[pri:0, instance:com.testcases.AddtoCarttest@4082ba93] output={null}]]]>
              </value>
            </param>
            <param index="2">
              <value>
                <![CDATA[org.testng.TestRunner@4d16975b]]>
              </value>
            </param>
          </params>
          <reporter-output>
          </reporter-output>
        </test-method> <!-- browsersetup -->
        <test-method signature="verifyAddTocart()[pri:0, instance:com.testcases.AddtoCarttest@4082ba93]" started-at="2022-05-02T14:35:46 IST" name="verifyAddTocart" finished-at="2022-05-02T14:36:07 IST" duration-ms="21133" status="FAIL">
          <exception class="java.lang.AssertionError">
            <message>
              <![CDATA[Product successfully added to your shopping cart expected [true] but found [false]]]>
            </message>
            <full-stacktrace>
              <![CDATA[java.lang.AssertionError: Product successfully added to your shopping cart expected [true] but found [false]
at org.testng.Assert.fail(Assert.java:99)
at org.testng.Assert.failNotEquals(Assert.java:1037)
at org.testng.Assert.assertTrue(Assert.java:45)
at com.testcases.AddtoCarttest.verifyAddTocart(AddtoCarttest.java:50)
at java.base/jdk.internal.reflect.NativeMethodAccessorImpl.invoke0(Native Method)
at java.base/jdk.internal.reflect.NativeMethodAccessorImpl.invoke(NativeMethodAccessorImpl.java:77)
at java.base/jdk.internal.reflect.DelegatingMethodAccessorImpl.invoke(DelegatingMethodAccessorImpl.java:43)
at java.base/java.lang.reflect.Method.invoke(Method.java:568)
at org.testng.internal.MethodInvocationHelper.invokeMethod(MethodInvocationHelper.java:133)
at org.testng.internal.TestInvoker.invokeMethod(TestInvoker.java:598)
at org.testng.internal.TestInvoker.invokeTestMethod(TestInvoker.java:173)
at org.testng.internal.MethodRunner.runInSequence(MethodRunner.java:46)
at org.testng.internal.TestInvoker$MethodInvocationAgent.invoke(TestInvoker.java:824)
at org.testng.internal.TestInvoker.invokeTestMethods(TestInvoker.java:146)
at org.testng.internal.TestMethodWorker.invokeTestMethods(TestMethodWorker.java:146)
at org.testng.internal.TestMethodWorker.run(TestMethodWorker.java:128)
at java.base/java.util.ArrayList.forEach(ArrayList.java:1511)
at org.testng.TestRunner.privateRun(TestRunner.java:794)
at org.testng.TestRunner.run(TestRunner.java:596)
at org.testng.SuiteRunner.runTest(SuiteRunner.java:377)
at org.testng.SuiteRunner.runSequentially(SuiteRunner.java:371)
at org.testng.SuiteRunner.privateRun(SuiteRunner.java:332)
at org.testng.SuiteRunner.run(SuiteRunner.java:276)
at org.testng.SuiteRunnerWorker.runSuite(SuiteRunnerWorker.java:53)
at org.testng.SuiteRunnerWorker.run(SuiteRunnerWorker.java:96)
at org.testng.TestNG.runSuitesSequentially(TestNG.java:1212)
at org.testng.TestNG.runSuitesLocally(TestNG.java:1134)
at org.testng.TestNG.runSuites(TestNG.java:1063)
at org.testng.TestNG.run(TestNG.java:1031)
at org.testng.remote.AbstractRemoteTestNG.run(AbstractRemoteTestNG.java:115)
at org.testng.remote.RemoteTestNG.initAndRun(RemoteTestNG.java:251)
at org.testng.remote.RemoteTestNG.main(RemoteTestNG.java:77)
]]>
            </full-stacktrace>
          </exception> <!-- java.lang.AssertionError -->
          <reporter-output>
          </reporter-output>
        </test-method> <!-- verifyAddTocart -->
        <test-method is-config="true" signature="tearDown()[pri:0, instance:com.testcases.AddtoCarttest@4082ba93]" started-at="2022-05-02T14:36:08 IST" name="tearDown" finished-at="2022-05-02T14:36:08 IST" duration-ms="431" status="PASS">
          <reporter-output>
          </reporter-output>
        </test-method> <!-- tearDown -->
      </class> <!-- com.testcases.AddtoCarttest -->
      <class name="com.testcases.LoginPageTest">
        <test-method is-config="true" signature="browsersetup(java.lang.String,org.testng.ITestResult,org.testng.ITestContext)[pri:0, instance:com.testcases.LoginPageTest@792b749c]" started-at="2022-05-02T14:39:16 IST" name="browsersetup" finished-at="2022-05-02T14:39:33 IST" duration-ms="17616" status="PASS">
          <params>
            <param index="0">
              <value>
                <![CDATA[Chrome]]>
              </value>
            </param>
            <param index="1">
              <value>
                <![CDATA[[TestResult name={null} status=CREATED method=LoginPageTest.login(java.lang.String,java.lang.String)[pri:0, instance:com.testcases.LoginPageTest@792b749c] output={null}]]]>
              </value>
            </param>
            <param index="2">
              <value>
                <![CDATA[org.testng.TestRunner@4d16975b]]>
              </value>
            </param>
          </params>
          <reporter-output>
          </reporter-output>
        </test-method> <!-- browsersetup -->
        <test-method signature="login(java.lang.String,java.lang.String)[pri:0, instance:com.testcases.LoginPageTest@792b749c]" started-at="2022-05-02T14:39:33 IST" name="login" data-provider="credentials" finished-at="2022-05-02T14:39:51 IST" duration-ms="17988" status="PASS">
          <params>
            <param index="0">
              <value>
                <![CDATA[admin@xyz.com]]>
              </value>
            </param>
            <param index="1">
              <value>
                <![CDATA[admin@123]]>
              </value>
            </param>
          </params>
          <reporter-output>
          </reporter-output>
        </test-method> <!-- login -->
        <test-method is-config="true" signature="tearDown()[pri:0, instance:com.testcases.LoginPageTest@792b749c]" started-at="2022-05-02T14:39:52 IST" name="tearDown" finished-at="2022-05-02T14:39:52 IST" duration-ms="508" status="PASS">
          <reporter-output>
          </reporter-output>
        </test-method> <!-- tearDown -->
      </class> <!-- com.testcases.LoginPageTest -->
      <class name="com.testcases.HomePageTest">
        <test-method is-config="true" signature="loadConfig(org.testng.ITestContext)[pri:0, instance:com.testcases.HomePageTest@59402b8f]" started-at="2022-05-02T14:33:53 IST" name="loadConfig" finished-at="2022-05-02T14:33:55 IST" duration-ms="1056" status="PASS">
          <params>
            <param index="0">
              <value>
                <![CDATA[org.testng.TestRunner@4d16975b]]>
              </value>
            </param>
          </params>
          <reporter-output>
          </reporter-output>
        </test-method> <!-- loadConfig -->
        <test-method is-config="true" signature="browsersetup(java.lang.String,org.testng.ITestResult,org.testng.ITestContext)[pri:0, instance:com.testcases.HomePageTest@59402b8f]" started-at="2022-05-02T14:33:55 IST" name="browsersetup" finished-at="2022-05-02T14:34:19 IST" duration-ms="24104" status="PASS">
          <params>
            <param index="0">
              <value>
                <![CDATA[Chrome]]>
              </value>
            </param>
            <param index="1">
              <value>
                <![CDATA[[TestResult name={null} status=CREATED method=HomePageTest.verifyOrderHistory()[pri:0, instance:com.testcases.HomePageTest@59402b8f] output={null}]]]>
              </value>
            </param>
            <param index="2">
              <value>
                <![CDATA[org.testng.TestRunner@4d16975b]]>
              </value>
            </param>
          </params>
          <reporter-output>
          </reporter-output>
        </test-method> <!-- browsersetup -->
        <test-method signature="verifyOrderHistory()[pri:0, instance:com.testcases.HomePageTest@59402b8f]" started-at="2022-05-02T14:34:19 IST" name="verifyOrderHistory" finished-at="2022-05-02T14:34:41 IST" duration-ms="22494" status="PASS">
          <reporter-output>
          </reporter-output>
        </test-method> <!-- verifyOrderHistory -->
        <test-method is-config="true" signature="tearDown()[pri:0, instance:com.testcases.HomePageTest@59402b8f]" started-at="2022-05-02T14:34:41 IST" name="tearDown" finished-at="2022-05-02T14:34:42 IST" duration-ms="414" status="PASS">
          <reporter-output>
          </reporter-output>
        </test-method> <!-- tearDown -->
        <test-method is-config="true" signature="browsersetup(java.lang.String,org.testng.ITestResult,org.testng.ITestContext)[pri:0, instance:com.testcases.HomePageTest@59402b8f]" started-at="2022-05-02T14:34:42 IST" name="browsersetup" finished-at="2022-05-02T14:35:01 IST" duration-ms="18919" status="PASS">
          <params>
            <param index="0">
              <value>
                <![CDATA[Chrome]]>
              </value>
            </param>
            <param index="1">
              <value>
                <![CDATA[[TestResult name={null} status=CREATED method=HomePageTest.verifyWhishList()[pri:0, instance:com.testcases.HomePageTest@59402b8f] output={null}]]]>
              </value>
            </param>
            <param index="2">
              <value>
                <![CDATA[org.testng.TestRunner@4d16975b]]>
              </value>
            </param>
          </params>
          <reporter-output>
          </reporter-output>
        </test-method> <!-- browsersetup -->
        <test-method signature="verifyWhishList()[pri:0, instance:com.testcases.HomePageTest@59402b8f]" started-at="2022-05-02T14:35:01 IST" name="verifyWhishList" finished-at="2022-05-02T14:35:19 IST" duration-ms="18110" status="PASS">
          <reporter-output>
          </reporter-output>
        </test-method> <!-- verifyWhishList -->
        <test-method is-config="true" signature="tearDown()[pri:0, instance:com.testcases.HomePageTest@59402b8f]" started-at="2022-05-02T14:35:19 IST" name="tearDown" finished-at="2022-05-02T14:35:20 IST" duration-ms="386" status="PASS">
          <reporter-output>
          </reporter-output>
        </test-method> <!-- tearDown -->
        <test-method is-config="true" signature="generateReports()[pri:0, instance:com.testcases.HomePageTest@59402b8f]" started-at="2022-05-02T14:39:52 IST" name="generateReports" finished-at="2022-05-02T14:39:58 IST" duration-ms="5453" status="PASS">
          <reporter-output>
          </reporter-output>
        </test-method> <!-- generateReports -->
      </class> <!-- com.testcases.HomePageTest -->
      <class name="com.testcases.SearchResultsTest">
        <test-method is-config="true" signature="browsersetup(java.lang.String,org.testng.ITestResult,org.testng.ITestContext)[pri:0, instance:com.testcases.SearchResultsTest@17fc391b]" started-at="2022-05-02T14:36:08 IST" name="browsersetup" finished-at="2022-05-02T14:36:31 IST" duration-ms="22909" status="PASS">
          <params>
            <param index="0">
              <value>
                <![CDATA[Chrome]]>
              </value>
            </param>
            <param index="1">
              <value>
                <![CDATA[[TestResult name={null} status=CREATED method=SearchResultsTest.verifySearchProduct()[pri:0, instance:com.testcases.SearchResultsTest@17fc391b] output={null}]]]>
              </value>
            </param>
            <param index="2">
              <value>
                <![CDATA[org.testng.TestRunner@4d16975b]]>
              </value>
            </param>
          </params>
          <reporter-output>
          </reporter-output>
        </test-method> <!-- browsersetup -->
        <test-method signature="verifySearchProduct()[pri:0, instance:com.testcases.SearchResultsTest@17fc391b]" started-at="2022-05-02T14:36:31 IST" name="verifySearchProduct" finished-at="2022-05-02T14:36:44 IST" duration-ms="12831" status="PASS">
          <reporter-output>
          </reporter-output>
        </test-method> <!-- verifySearchProduct -->
        <test-method is-config="true" signature="tearDown()[pri:0, instance:com.testcases.SearchResultsTest@17fc391b]" started-at="2022-05-02T14:36:44 IST" name="tearDown" finished-at="2022-05-02T14:36:45 IST" duration-ms="537" status="PASS">
          <reporter-output>
          </reporter-output>
        </test-method> <!-- tearDown -->
      </class> <!-- com.testcases.SearchResultsTest -->
      <class name="com.testcases.OrderPageTest">
        <test-method is-config="true" signature="browsersetup(java.lang.String,org.testng.ITestResult,org.testng.ITestContext)[pri:0, instance:com.testcases.OrderPageTest@6d60fe40]" started-at="2022-05-02T14:38:16 IST" name="browsersetup" finished-at="2022-05-02T14:38:41 IST" duration-ms="25138" status="PASS">
          <params>
            <param index="0">
              <value>
                <![CDATA[Chrome]]>
              </value>
            </param>
            <param index="1">
              <value>
                <![CDATA[[TestResult name={null} status=CREATED method=OrderPageTest.verifyOrderPage()[pri:0, instance:com.testcases.OrderPageTest@6d60fe40] output={null}]]]>
              </value>
            </param>
            <param index="2">
              <value>
                <![CDATA[org.testng.TestRunner@4d16975b]]>
              </value>
            </param>
          </params>
          <reporter-output>
          </reporter-output>
        </test-method> <!-- browsersetup -->
        <test-method signature="verifyOrderPage()[pri:0, instance:com.testcases.OrderPageTest@6d60fe40]" started-at="2022-05-02T14:38:41 IST" name="verifyOrderPage" finished-at="2022-05-02T14:39:12 IST" duration-ms="31024" status="FAIL">
          <exception class="org.openqa.selenium.ElementNotInteractableException">
            <message>
              <![CDATA[element not interactable: http://automationpractice.com/index.php?controller=order has no size and location
  (Session info: chrome=101.0.4951.41)
Build info: version: '4.1.4', revision: '535d840ee2'
System info: host: 'AHS-LP-181', ip: '192.168.1.3', os.name: 'Windows 10', os.arch: 'amd64', os.version: '10.0', java.version: '17.0.2'
Driver info: org.openqa.selenium.chrome.ChromeDriver
Command: [2fa8f5b741e37cc24f01789581095d64, actions {actions=[org.openqa.selenium.interactions.Sequence@dd737ea]}]
Capabilities {acceptInsecureCerts: false, browserName: chrome, browserVersion: 101.0.4951.41, chrome: {chromedriverVersion: 101.0.4951.41 (93c720db8323..., userDataDir: C:\Users\NBUSIR~1\AppData\L...}, goog:chromeOptions: {debuggerAddress: localhost:56672}, javascriptEnabled: true, networkConnectionEnabled: false, pageLoadStrategy: normal, platform: WINDOWS, platformName: WINDOWS, proxy: Proxy(), se:cdp: ws://localhost:56672/devtoo..., se:cdpVersion: 101.0.4951.41, setWindowRect: true, strictFileInteractability: false, timeouts: {implicit: 0, pageLoad: 300000, script: 30000}, unhandledPromptBehavior: dismiss and notify, webauthn:extension:credBlob: true, webauthn:extension:largeBlob: true, webauthn:virtualAuthenticators: true}
Session ID: 2fa8f5b741e37cc24f01789581095d64]]>
            </message>
            <full-stacktrace>
              <![CDATA[org.openqa.selenium.ElementNotInteractableException: element not interactable: http://automationpractice.com/index.php?controller=order has no size and location
  (Session info: chrome=101.0.4951.41)
Build info: version: '4.1.4', revision: '535d840ee2'
System info: host: 'AHS-LP-181', ip: '192.168.1.3', os.name: 'Windows 10', os.arch: 'amd64', os.version: '10.0', java.version: '17.0.2'
Driver info: org.openqa.selenium.chrome.ChromeDriver
Command: [2fa8f5b741e37cc24f01789581095d64, actions {actions=[org.openqa.selenium.interactions.Sequence@dd737ea]}]
Capabilities {acceptInsecureCerts: false, browserName: chrome, browserVersion: 101.0.4951.41, chrome: {chromedriverVersion: 101.0.4951.41 (93c720db8323..., userDataDir: C:\Users\NBUSIR~1\AppData\L...}, goog:chromeOptions: {debuggerAddress: localhost:56672}, javascriptEnabled: true, networkConnectionEnabled: false, pageLoadStrategy: normal, platform: WINDOWS, platformName: WINDOWS, proxy: Proxy(), se:cdp: ws://localhost:56672/devtoo..., se:cdpVersion: 101.0.4951.41, setWindowRect: true, strictFileInteractability: false, timeouts: {implicit: 0, pageLoad: 300000, script: 30000}, unhandledPromptBehavior: dismiss and notify, webauthn:extension:credBlob: true, webauthn:extension:largeBlob: true, webauthn:virtualAuthenticators: true}
Session ID: 2fa8f5b741e37cc24f01789581095d64
at java.base/jdk.internal.reflect.NativeConstructorAccessorImpl.newInstance0(Native Method)
at java.base/jdk.internal.reflect.NativeConstructorAccessorImpl.newInstance(NativeConstructorAccessorImpl.java:77)
at java.base/jdk.internal.reflect.DelegatingConstructorAccessorImpl.newInstance(DelegatingConstructorAccessorImpl.java:45)
at java.base/java.lang.reflect.Constructor.newInstanceWithCaller(Constructor.java:499)
at java.base/java.lang.reflect.Constructor.newInstance(Constructor.java:480)
at org.openqa.selenium.remote.codec.w3c.W3CHttpResponseCodec.createException(W3CHttpResponseCodec.java:200)
at org.openqa.selenium.remote.codec.w3c.W3CHttpResponseCodec.decode(W3CHttpResponseCodec.java:133)
at org.openqa.selenium.remote.codec.w3c.W3CHttpResponseCodec.decode(W3CHttpResponseCodec.java:53)
at org.openqa.selenium.remote.HttpCommandExecutor.execute(HttpCommandExecutor.java:184)
at org.openqa.selenium.remote.service.DriverCommandExecutor.invokeExecute(DriverCommandExecutor.java:167)
at org.openqa.selenium.remote.service.DriverCommandExecutor.execute(DriverCommandExecutor.java:142)
at org.openqa.selenium.remote.RemoteWebDriver.execute(RemoteWebDriver.java:567)
at org.openqa.selenium.remote.RemoteWebDriver.perform(RemoteWebDriver.java:635)
at org.openqa.selenium.interactions.Actions$BuiltAction.perform(Actions.java:656)
at com.actiondriver.ActionClass.click(ActionClass.java:39)
at com.pageobjects.AddtoCartPage.clicktoCheckout(AddtoCartPage.java:62)
at com.testcases.OrderPageTest.verifyOrderPage(OrderPageTest.java:44)
at java.base/jdk.internal.reflect.NativeMethodAccessorImpl.invoke0(Native Method)
at java.base/jdk.internal.reflect.NativeMethodAccessorImpl.invoke(NativeMethodAccessorImpl.java:77)
at java.base/jdk.internal.reflect.DelegatingMethodAccessorImpl.invoke(DelegatingMethodAccessorImpl.java:43)
at java.base/java.lang.reflect.Method.invoke(Method.java:568)
at org.testng.internal.MethodInvocationHelper.invokeMethod(MethodInvocationHelper.java:133)
at org.testng.internal.TestInvoker.invokeMethod(TestInvoker.java:598)
at org.testng.internal.TestInvoker.invokeTestMethod(TestInvoker.java:173)
at org.testng.internal.MethodRunner.runInSequence(MethodRunner.java:46)
at org.testng.internal.TestInvoker$MethodInvocationAgent.invoke(TestInvoker.java:824)
at org.testng.internal.TestInvoker.invokeTestMethods(TestInvoker.java:146)
at org.testng.internal.TestMethodWorker.invokeTestMethods(TestMethodWorker.java:146)
at org.testng.internal.TestMethodWorker.run(TestMethodWorker.java:128)
at java.base/java.util.ArrayList.forEach(ArrayList.java:1511)
at org.testng.TestRunner.privateRun(TestRunner.java:794)
at org.testng.TestRunner.run(TestRunner.java:596)
at org.testng.SuiteRunner.runTest(SuiteRunner.java:377)
at org.testng.SuiteRunner.runSequentially(SuiteRunner.java:371)
at org.testng.SuiteRunner.privateRun(SuiteRunner.java:332)
at org.testng.SuiteRunner.run(SuiteRunner.java:276)
at org.testng.SuiteRunnerWorker.runSuite(SuiteRunnerWorker.java:53)
at org.testng.SuiteRunnerWorker.run(SuiteRunnerWorker.java:96)
at org.testng.TestNG.runSuitesSequentially(TestNG.java:1212)
at org.testng.TestNG.runSuitesLocally(TestNG.java:1134)
at org.testng.TestNG.runSuites(TestNG.java:1063)
at org.testng.TestNG.run(TestNG.java:1031)
at org.testng.remote.AbstractRemoteTestNG.run(AbstractRemoteTestNG.java:115)
at org.testng.remote.RemoteTestNG.initAndRun(RemoteTestNG.java:251)
at org.testng.remote.RemoteTestNG.main(RemoteTestNG.java:77)
]]>
            </full-stacktrace>
          </exception> <!-- org.openqa.selenium.ElementNotInteractableException -->
          <reporter-output>
          </reporter-output>
        </test-method> <!-- verifyOrderPage -->
        <test-method is-config="true" signature="tearDown()[pri:0, instance:com.testcases.OrderPageTest@6d60fe40]" started-at="2022-05-02T14:39:13 IST" name="tearDown" finished-at="2022-05-02T14:39:13 IST" duration-ms="614" status="PASS">
          <reporter-output>
          </reporter-output>
        </test-method> <!-- tearDown -->
      </class> <!-- com.testcases.OrderPageTest -->
      <class name="com.testcases.Indexpagetest">
        <test-method is-config="true" signature="browsersetup(java.lang.String,org.testng.ITestResult,org.testng.ITestContext)[pri:0, instance:com.testcases.Indexpagetest@609e8838]" started-at="2022-05-02T14:37:28 IST" name="browsersetup" finished-at="2022-05-02T14:37:50 IST" duration-ms="22155" status="PASS">
          <params>
            <param index="0">
              <value>
                <![CDATA[Chrome]]>
              </value>
            </param>
            <param index="1">
              <value>
                <![CDATA[[TestResult name={null} status=CREATED method=Indexpagetest.verifyTitle()[pri:0, instance:com.testcases.Indexpagetest@609e8838] output={null}]]]>
              </value>
            </param>
            <param index="2">
              <value>
                <![CDATA[org.testng.TestRunner@4d16975b]]>
              </value>
            </param>
          </params>
          <reporter-output>
          </reporter-output>
        </test-method> <!-- browsersetup -->
        <test-method signature="verifyTitle()[pri:0, instance:com.testcases.Indexpagetest@609e8838]" started-at="2022-05-02T14:37:50 IST" name="verifyTitle" finished-at="2022-05-02T14:37:50 IST" duration-ms="15" status="PASS">
          <reporter-output>
          </reporter-output>
        </test-method> <!-- verifyTitle -->
        <test-method is-config="true" signature="tearDown()[pri:0, instance:com.testcases.Indexpagetest@609e8838]" started-at="2022-05-02T14:37:51 IST" name="tearDown" finished-at="2022-05-02T14:37:52 IST" duration-ms="558" status="PASS">
          <reporter-output>
          </reporter-output>
        </test-method> <!-- tearDown -->
        <test-method is-config="true" signature="browsersetup(java.lang.String,org.testng.ITestResult,org.testng.ITestContext)[pri:0, instance:com.testcases.Indexpagetest@609e8838]" started-at="2022-05-02T14:37:52 IST" name="browsersetup" finished-at="2022-05-02T14:38:15 IST" duration-ms="23495" status="PASS">
          <params>
            <param index="0">
              <value>
                <![CDATA[Chrome]]>
              </value>
            </param>
            <param index="1">
              <value>
                <![CDATA[[TestResult name={null} status=CREATED method=Indexpagetest.verifylogo()[pri:0, instance:com.testcases.Indexpagetest@609e8838] output={null}]]]>
              </value>
            </param>
            <param index="2">
              <value>
                <![CDATA[org.testng.TestRunner@4d16975b]]>
              </value>
            </param>
          </params>
          <reporter-output>
          </reporter-output>
        </test-method> <!-- browsersetup -->
        <test-method signature="verifylogo()[pri:0, instance:com.testcases.Indexpagetest@609e8838]" started-at="2022-05-02T14:38:15 IST" name="verifylogo" finished-at="2022-05-02T14:38:15 IST" duration-ms="173" status="PASS">
          <reporter-output>
          </reporter-output>
        </test-method> <!-- verifylogo -->
        <test-method is-config="true" signature="tearDown()[pri:0, instance:com.testcases.Indexpagetest@609e8838]" started-at="2022-05-02T14:38:16 IST" name="tearDown" finished-at="2022-05-02T14:38:16 IST" duration-ms="457" status="PASS">
          <reporter-output>
          </reporter-output>
        </test-method> <!-- tearDown -->
      </class> <!-- com.testcases.Indexpagetest -->
      <class name="com.testcases.EndtoEndTest">
        <test-method is-config="true" signature="browsersetup(java.lang.String,org.testng.ITestResult,org.testng.ITestContext)[pri:0, instance:com.testcases.EndtoEndTest@2b30a42c]" started-at="2022-05-02T14:36:45 IST" name="browsersetup" finished-at="2022-05-02T14:37:03 IST" duration-ms="18587" status="PASS">
          <params>
            <param index="0">
              <value>
                <![CDATA[Chrome]]>
              </value>
            </param>
            <param index="1">
              <value>
                <![CDATA[[TestResult name={null} status=CREATED method=EndtoEndTest.endToendTest()[pri:0, instance:com.testcases.EndtoEndTest@2b30a42c] output={null}]]]>
              </value>
            </param>
            <param index="2">
              <value>
                <![CDATA[org.testng.TestRunner@4d16975b]]>
              </value>
            </param>
          </params>
          <reporter-output>
          </reporter-output>
        </test-method> <!-- browsersetup -->
        <test-method signature="endToendTest()[pri:0, instance:com.testcases.EndtoEndTest@2b30a42c]" started-at="2022-05-02T14:37:03 IST" name="endToendTest" finished-at="2022-05-02T14:37:28 IST" duration-ms="24530" status="FAIL">
          <exception class="org.openqa.selenium.ElementNotInteractableException">
            <message>
              <![CDATA[element not interactable: http://automationpractice.com/index.php?controller=order has no size and location
  (Session info: chrome=101.0.4951.41)
Build info: version: '4.1.4', revision: '535d840ee2'
System info: host: 'AHS-LP-181', ip: '192.168.1.3', os.name: 'Windows 10', os.arch: 'amd64', os.version: '10.0', java.version: '17.0.2'
Driver info: org.openqa.selenium.chrome.ChromeDriver
Command: [f9b0ace13f43d68fea3e78f88e63c1cb, actions {actions=[org.openqa.selenium.interactions.Sequence@51e8d066]}]
Capabilities {acceptInsecureCerts: false, browserName: chrome, browserVersion: 101.0.4951.41, chrome: {chromedriverVersion: 101.0.4951.41 (93c720db8323..., userDataDir: C:\Users\NBUSIR~1\AppData\L...}, goog:chromeOptions: {debuggerAddress: localhost:56425}, javascriptEnabled: true, networkConnectionEnabled: false, pageLoadStrategy: normal, platform: WINDOWS, platformName: WINDOWS, proxy: Proxy(), se:cdp: ws://localhost:56425/devtoo..., se:cdpVersion: 101.0.4951.41, setWindowRect: true, strictFileInteractability: false, timeouts: {implicit: 0, pageLoad: 300000, script: 30000}, unhandledPromptBehavior: dismiss and notify, webauthn:extension:credBlob: true, webauthn:extension:largeBlob: true, webauthn:virtualAuthenticators: true}
Session ID: f9b0ace13f43d68fea3e78f88e63c1cb]]>
            </message>
            <full-stacktrace>
              <![CDATA[org.openqa.selenium.ElementNotInteractableException: element not interactable: http://automationpractice.com/index.php?controller=order has no size and location
  (Session info: chrome=101.0.4951.41)
Build info: version: '4.1.4', revision: '535d840ee2'
System info: host: 'AHS-LP-181', ip: '192.168.1.3', os.name: 'Windows 10', os.arch: 'amd64', os.version: '10.0', java.version: '17.0.2'
Driver info: org.openqa.selenium.chrome.ChromeDriver
Command: [f9b0ace13f43d68fea3e78f88e63c1cb, actions {actions=[org.openqa.selenium.interactions.Sequence@51e8d066]}]
Capabilities {acceptInsecureCerts: false, browserName: chrome, browserVersion: 101.0.4951.41, chrome: {chromedriverVersion: 101.0.4951.41 (93c720db8323..., userDataDir: C:\Users\NBUSIR~1\AppData\L...}, goog:chromeOptions: {debuggerAddress: localhost:56425}, javascriptEnabled: true, networkConnectionEnabled: false, pageLoadStrategy: normal, platform: WINDOWS, platformName: WINDOWS, proxy: Proxy(), se:cdp: ws://localhost:56425/devtoo..., se:cdpVersion: 101.0.4951.41, setWindowRect: true, strictFileInteractability: false, timeouts: {implicit: 0, pageLoad: 300000, script: 30000}, unhandledPromptBehavior: dismiss and notify, webauthn:extension:credBlob: true, webauthn:extension:largeBlob: true, webauthn:virtualAuthenticators: true}
Session ID: f9b0ace13f43d68fea3e78f88e63c1cb
at java.base/jdk.internal.reflect.NativeConstructorAccessorImpl.newInstance0(Native Method)
at java.base/jdk.internal.reflect.NativeConstructorAccessorImpl.newInstance(NativeConstructorAccessorImpl.java:77)
at java.base/jdk.internal.reflect.DelegatingConstructorAccessorImpl.newInstance(DelegatingConstructorAccessorImpl.java:45)
at java.base/java.lang.reflect.Constructor.newInstanceWithCaller(Constructor.java:499)
at java.base/java.lang.reflect.Constructor.newInstance(Constructor.java:480)
at org.openqa.selenium.remote.codec.w3c.W3CHttpResponseCodec.createException(W3CHttpResponseCodec.java:200)
at org.openqa.selenium.remote.codec.w3c.W3CHttpResponseCodec.decode(W3CHttpResponseCodec.java:133)
at org.openqa.selenium.remote.codec.w3c.W3CHttpResponseCodec.decode(W3CHttpResponseCodec.java:53)
at org.openqa.selenium.remote.HttpCommandExecutor.execute(HttpCommandExecutor.java:184)
at org.openqa.selenium.remote.service.DriverCommandExecutor.invokeExecute(DriverCommandExecutor.java:167)
at org.openqa.selenium.remote.service.DriverCommandExecutor.execute(DriverCommandExecutor.java:142)
at org.openqa.selenium.remote.RemoteWebDriver.execute(RemoteWebDriver.java:567)
at org.openqa.selenium.remote.RemoteWebDriver.perform(RemoteWebDriver.java:635)
at org.openqa.selenium.interactions.Actions$BuiltAction.perform(Actions.java:656)
at com.actiondriver.ActionClass.click(ActionClass.java:39)
at com.pageobjects.AddtoCartPage.clicktoCheckout(AddtoCartPage.java:62)
at com.testcases.EndtoEndTest.endToendTest(EndtoEndTest.java:61)
at java.base/jdk.internal.reflect.NativeMethodAccessorImpl.invoke0(Native Method)
at java.base/jdk.internal.reflect.NativeMethodAccessorImpl.invoke(NativeMethodAccessorImpl.java:77)
at java.base/jdk.internal.reflect.DelegatingMethodAccessorImpl.invoke(DelegatingMethodAccessorImpl.java:43)
at java.base/java.lang.reflect.Method.invoke(Method.java:568)
at org.testng.internal.MethodInvocationHelper.invokeMethod(MethodInvocationHelper.java:133)
at org.testng.internal.TestInvoker.invokeMethod(TestInvoker.java:598)
at org.testng.internal.TestInvoker.invokeTestMethod(TestInvoker.java:173)
at org.testng.internal.MethodRunner.runInSequence(MethodRunner.java:46)
at org.testng.internal.TestInvoker$MethodInvocationAgent.invoke(TestInvoker.java:824)
at org.testng.internal.TestInvoker.invokeTestMethods(TestInvoker.java:146)
at org.testng.internal.TestMethodWorker.invokeTestMethods(TestMethodWorker.java:146)
at org.testng.internal.TestMethodWorker.run(TestMethodWorker.java:128)
at java.base/java.util.ArrayList.forEach(ArrayList.java:1511)
at org.testng.TestRunner.privateRun(TestRunner.java:794)
at org.testng.TestRunner.run(TestRunner.java:596)
at org.testng.SuiteRunner.runTest(SuiteRunner.java:377)
at org.testng.SuiteRunner.runSequentially(SuiteRunner.java:371)
at org.testng.SuiteRunner.privateRun(SuiteRunner.java:332)
at org.testng.SuiteRunner.run(SuiteRunner.java:276)
at org.testng.SuiteRunnerWorker.runSuite(SuiteRunnerWorker.java:53)
at org.testng.SuiteRunnerWorker.run(SuiteRunnerWorker.java:96)
at org.testng.TestNG.runSuitesSequentially(TestNG.java:1212)
at org.testng.TestNG.runSuitesLocally(TestNG.java:1134)
at org.testng.TestNG.runSuites(TestNG.java:1063)
at org.testng.TestNG.run(TestNG.java:1031)
at org.testng.remote.AbstractRemoteTestNG.run(AbstractRemoteTestNG.java:115)
at org.testng.remote.RemoteTestNG.initAndRun(RemoteTestNG.java:251)
at org.testng.remote.RemoteTestNG.main(RemoteTestNG.java:77)
]]>
            </full-stacktrace>
          </exception> <!-- org.openqa.selenium.ElementNotInteractableException -->
          <reporter-output>
          </reporter-output>
        </test-method> <!-- endToendTest -->
        <test-method is-config="true" signature="tearDown()[pri:0, instance:com.testcases.EndtoEndTest@2b30a42c]" started-at="2022-05-02T14:37:28 IST" name="tearDown" finished-at="2022-05-02T14:37:28 IST" duration-ms="376" status="PASS">
          <reporter-output>
          </reporter-output>
        </test-method> <!-- tearDown -->
      </class> <!-- com.testcases.EndtoEndTest -->
    </test> <!-- Test -->
  </suite> <!-- Suite -->
</testng-results>
